<?xml version="1.0" encoding="UTF-8"?>
<testng-results skipped="0" failed="0" ignored="0" total="1" passed="1">
  <reporter-output>
  </reporter-output>
  <suite name="Default suite" duration-ms="52587" started-at="2018-11-29T09:03:00Z" finished-at="2018-11-29T09:03:53Z">
    <groups>
      <group name="cucumber">
        <method signature="AbstractTestNGCucumberTests.feature(cucumber.api.testng.CucumberFeatureWrapper)[pri:0, instance:com.automation.bhanuprathap.testRunner.TestRunnerCRM@544fe44c]" name="feature" class="cucumber.api.testng.AbstractTestNGCucumberTests"/>
      </group> <!-- cucumber -->
    </groups>
    <test name="Default test" duration-ms="52587" started-at="2018-11-29T09:03:00Z" finished-at="2018-11-29T09:03:53Z">
      <class name="com.automation.bhanuprathap.testRunner.TestRunnerCRM">
        <test-method status="PASS" signature="setUpClass()[pri:0, instance:com.automation.bhanuprathap.testRunner.TestRunnerCRM@544fe44c]" name="setUpClass" is-config="true" duration-ms="400" started-at="2018-11-29T09:03:00Z" finished-at="2018-11-29T09:03:01Z">
          <reporter-output>
          </reporter-output>
        </test-method> <!-- setUpClass -->
        <test-method status="PASS" signature="feature(cucumber.api.testng.CucumberFeatureWrapper)[pri:0, instance:com.automation.bhanuprathap.testRunner.TestRunnerCRM@544fe44c]" name="feature" duration-ms="51377" started-at="2018-11-29T09:03:01Z" description="Runs Cucumber Feature" data-provider="features" finished-at="2018-11-29T09:03:52Z">
          <params>
            <param index="0">
              <value>
                <![CDATA[Login functionality of CRM application]]>
              </value>
            </param>
          </params>
          <reporter-output>
          </reporter-output>
        </test-method> <!-- feature -->
        <test-method status="PASS" signature="tearDownClass()[pri:0, instance:com.automation.bhanuprathap.testRunner.TestRunnerCRM@544fe44c]" name="tearDownClass" is-config="true" duration-ms="650" started-at="2018-11-29T09:03:52Z" finished-at="2018-11-29T09:03:53Z">
          <reporter-output>
          </reporter-output>
        </test-method> <!-- tearDownClass -->
      </class> <!-- com.automation.bhanuprathap.testRunner.TestRunnerCRM -->
    </test> <!-- Default test -->
  </suite> <!-- Default suite -->
</testng-results>
